[19-Jul-2025 21:16:37 UTC] PHP Fatal error:  Uncaught mysqli_sql_exception: Table 'mac_software.admin_users' doesn't exist in /Volumes/Files/Projects/mac-mini-m4/admin/login.php:20
Stack trace:
#0 /Volumes/Files/Projects/mac-mini-m4/admin/login.php(20): mysqli->prepare('SELECT * FROM a...')
#1 /Applications/Herd.app/Contents/Resources/valet/server.php(167): require('/Volumes/Files/...')
#2 {main}
  thrown in /Volumes/Files/Projects/mac-mini-m4/admin/login.php on line 20
[19-Jul-2025 21:16:42 UTC] PHP Fatal error:  Uncaught mysqli_sql_exception: Table 'mac_software.admin_users' doesn't exist in /Volumes/Files/Projects/mac-mini-m4/admin/login.php:20
Stack trace:
#0 /Volumes/Files/Projects/mac-mini-m4/admin/login.php(20): mysqli->prepare('SELECT * FROM a...')
#1 /Applications/Herd.app/Contents/Resources/valet/server.php(167): require('/Volumes/Files/...')
#2 {main}
  thrown in /Volumes/Files/Projects/mac-mini-m4/admin/login.php on line 20
[19-Jul-2025 21:17:01 UTC] PHP Fatal error:  Uncaught mysqli_sql_exception: Table 'mac_software.admin_users' doesn't exist in /Volumes/Files/Projects/mac-mini-m4/admin/login.php:20
Stack trace:
#0 /Volumes/Files/Projects/mac-mini-m4/admin/login.php(20): mysqli->prepare('SELECT * FROM a...')
#1 /Applications/Herd.app/Contents/Resources/valet/server.php(167): require('/Volumes/Files/...')
#2 {main}
  thrown in /Volumes/Files/Projects/mac-mini-m4/admin/login.php on line 20
[19-Jul-2025 21:17:45 UTC] PHP Fatal error:  Uncaught mysqli_sql_exception: Table 'mac_software.admin_users' doesn't exist in /Volumes/Files/Projects/mac-mini-m4/admin/login.php:20
Stack trace:
#0 /Volumes/Files/Projects/mac-mini-m4/admin/login.php(20): mysqli->prepare('SELECT * FROM a...')
#1 /Applications/Herd.app/Contents/Resources/valet/server.php(167): require('/Volumes/Files/...')
#2 {main}
  thrown in /Volumes/Files/Projects/mac-mini-m4/admin/login.php on line 20
